2024-08-18 12:46:35.473 [error] Unable to check if shell integration is active [Error: Extension 'ms-python.python' CANNOT use API proposal: terminalDataWriteEvent.
Its package.json#enabledApiProposals-property declares:  but NOT terminalDataWriteEvent.
 The missing proposal MUST be added and you must start in extension development mode or use the following command line switch: --enable-proposed-api ms-python.python
	at P (/usr/lib/code/out/vs/workbench/api/node/extensionHostProcess.js:142:59143)
	at a.onDidWriteTerminalData (/usr/lib/code/out/vs/workbench/api/node/extensionHostProcess.js:164:32734)
	at new m (/home/sunless/.config/vscode/extensions/ms-python.python-2024.12.3-universal/out/client/extension.js:2:816931)
	at t.resolveInstance (/home/sunless/.config/vscode/extensions/ms-python.python-2024.12.3-universal/out/client/extension.js:2:1668732)
	at /home/sunless/.config/vscode/extensions/ms-python.python-2024.12.3-universal/out/client/extension.js:2:1670640
	at Array.map (<anonymous>)
	at t.resolveInstance (/home/sunless/.config/vscode/extensions/ms-python.python-2024.12.3-universal/out/client/extension.js:2:1668506)
	at /home/sunless/.config/vscode/extensions/ms-python.python-2024.12.3-universal/out/client/extension.js:2:1670640
	at t.resolve (/home/sunless/.config/vscode/extensions/ms-python.python-2024.12.3-universal/out/client/extension.js:2:1670903)
	at /home/sunless/.config/vscode/extensions/ms-python.python-2024.12.3-universal/out/client/extension.js:2:1654466
	at e._get (/home/sunless/.config/vscode/extensions/ms-python.python-2024.12.3-universal/out/client/extension.js:2:1654232)
	at e.get (/home/sunless/.config/vscode/extensions/ms-python.python-2024.12.3-universal/out/client/extension.js:2:1652944)
	at e.dynamicValue (/home/sunless/.config/vscode/extensions/ms-python.python-2024.12.3-universal/out/client/extension.js:2:1676008)
	at /home/sunless/.config/vscode/extensions/ms-python.python-2024.12.3-universal/out/client/extension.js:2:1670129
	at c (/home/sunless/.config/vscode/extensions/ms-python.python-2024.12.3-universal/out/client/extension.js:2:1669175)
	at /home/sunless/.config/vscode/extensions/ms-python.python-2024.12.3-universal/out/client/extension.js:2:1670069
	at /home/sunless/.config/vscode/extensions/ms-python.python-2024.12.3-universal/out/client/extension.js:2:1669588
	at Array.map (<anonymous>)
	at /home/sunless/.config/vscode/extensions/ms-python.python-2024.12.3-universal/out/client/extension.js:2:1669560
	at Array.map (<anonymous>)
	at t.resolveInstance (/home/sunless/.config/vscode/extensions/ms-python.python-2024.12.3-universal/out/client/extension.js:2:1668506)
	at /home/sunless/.config/vscode/extensions/ms-python.python-2024.12.3-universal/out/client/extension.js:2:1670640
	at t.resolve (/home/sunless/.config/vscode/extensions/ms-python.python-2024.12.3-universal/out/client/extension.js:2:1670903)
	at /home/sunless/.config/vscode/extensions/ms-python.python-2024.12.3-universal/out/client/extension.js:2:1654466
	at e._get (/home/sunless/.config/vscode/extensions/ms-python.python-2024.12.3-universal/out/client/extension.js:2:1654232)
	at e.get (/home/sunless/.config/vscode/extensions/ms-python.python-2024.12.3-universal/out/client/extension.js:2:1652944)
	at a.get (/home/sunless/.config/vscode/extensions/ms-python.python-2024.12.3-universal/out/client/extension.js:2:477070)
	at /home/sunless/.config/vscode/extensions/ms-python.python-2024.12.3-universal/out/client/extension.js:2:397424
	at async t.activateComponents (/home/sunless/.config/vscode/extensions/ms-python.python-2024.12.3-universal/out/client/extension.js:2:395711)
	at async /home/sunless/.config/vscode/extensions/ms-python.python-2024.12.3-universal/out/client/extension.js:2:2588581
	at async e (/home/sunless/.config/vscode/extensions/ms-python.python-2024.12.3-universal/out/client/extension.js:2:2588113)
	at async m.n (/usr/lib/code/out/vs/workbench/api/node/extensionHostProcess.js:144:6409)
	at async m (/usr/lib/code/out/vs/workbench/api/node/extensionHostProcess.js:144:6372)
	at async m.l (/usr/lib/code/out/vs/workbench/api/node/extensionHostProcess.js:144:5829)]
2024-08-18 12:46:35.536 [info] Python interpreter path: /bin/python
2024-08-18 12:46:35.555 [error] [
  'Failed to activate a workspace, Class name = m, completed in 66ms, has a falsy return value, Arg 1: undefined, Arg 2: {"started":1723974395342}, Return Value: undefined',
  [Error: Extension 'ms-python.python' CANNOT use API proposal: testObserver.
  Its package.json#enabledApiProposals-property declares:  but NOT testObserver.
   The missing proposal MUST be added and you must start in extension development mode or use the following command line switch: --enable-proposed-api ms-python.python
  	at P (/usr/lib/code/out/vs/workbench/api/node/extensionHostProcess.js:142:59143)
  	at get testResults (/usr/lib/code/out/vs/workbench/api/node/extensionHostProcess.js:164:25438)
  	at T.activate (/home/sunless/.config/vscode/extensions/ms-python.python-2024.12.3-universal/out/client/extension.js:2:845522)
  	at /home/sunless/.config/vscode/extensions/ms-python.python-2024.12.3-universal/out/client/extension.js:2:2460
  	at Array.map (<anonymous>)
  	at m.activateWorkspace (/home/sunless/.config/vscode/extensions/ms-python.python-2024.12.3-universal/out/client/extension.js:2:2450)]
]
2024-08-18 12:46:35.556 [error] Failure during activation. [Error: Extension 'ms-python.python' CANNOT use API proposal: testObserver.
Its package.json#enabledApiProposals-property declares:  but NOT testObserver.
 The missing proposal MUST be added and you must start in extension development mode or use the following command line switch: --enable-proposed-api ms-python.python
	at P (/usr/lib/code/out/vs/workbench/api/node/extensionHostProcess.js:142:59143)
	at get testResults (/usr/lib/code/out/vs/workbench/api/node/extensionHostProcess.js:164:25438)
	at T.activate (/home/sunless/.config/vscode/extensions/ms-python.python-2024.12.3-universal/out/client/extension.js:2:845522)
	at /home/sunless/.config/vscode/extensions/ms-python.python-2024.12.3-universal/out/client/extension.js:2:2460
	at Array.map (<anonymous>)
	at m.activateWorkspace (/home/sunless/.config/vscode/extensions/ms-python.python-2024.12.3-universal/out/client/extension.js:2:2450)]
2024-08-18 12:46:35.556 [error] sendStartupTelemetry() failed. [Error: Extension 'ms-python.python' CANNOT use API proposal: testObserver.
Its package.json#enabledApiProposals-property declares:  but NOT testObserver.
 The missing proposal MUST be added and you must start in extension development mode or use the following command line switch: --enable-proposed-api ms-python.python
	at P (/usr/lib/code/out/vs/workbench/api/node/extensionHostProcess.js:142:59143)
	at get testResults (/usr/lib/code/out/vs/workbench/api/node/extensionHostProcess.js:164:25438)
	at T.activate (/home/sunless/.config/vscode/extensions/ms-python.python-2024.12.3-universal/out/client/extension.js:2:845522)
	at /home/sunless/.config/vscode/extensions/ms-python.python-2024.12.3-universal/out/client/extension.js:2:2460
	at Array.map (<anonymous>)
	at m.activateWorkspace (/home/sunless/.config/vscode/extensions/ms-python.python-2024.12.3-universal/out/client/extension.js:2:2450)]
2024-08-18 12:46:36.675 [info] Starting Jedi language server for default.
