2024-08-19 19:58:33.714 [info] Extension host with pid 727 started
2024-08-19 19:58:33.733 [info] ExtensionService#_doActivateExtension vscode.git-base, startup: true, activationEvent: '*', root cause: vscode.git
2024-08-19 19:58:33.864 [info] ExtensionService#_doActivateExtension formulahendry.auto-rename-tag, startup: true, activationEvent: '*'
2024-08-19 19:58:34.384 [info] ExtensionService#_doActivateExtension vscode.git, startup: true, activationEvent: '*'
2024-08-19 19:58:34.904 [info] ExtensionService#_doActivateExtension vscode.github, startup: true, activationEvent: '*'
2024-08-19 19:58:35.330 [info] Eager extensions activated
2024-08-19 19:58:35.349 [info] ExtensionService#_doActivateExtension vscode.debug-auto-launch, startup: false, activationEvent: 'onStartupFinished'
2024-08-19 19:58:35.419 [info] ExtensionService#_doActivateExtension vscode.merge-conflict, startup: false, activationEvent: 'onStartupFinished'
2024-08-19 19:58:35.477 [info] ExtensionService#_doActivateExtension aaron-bond.better-comments, startup: false, activationEvent: 'onStartupFinished'
2024-08-19 19:58:35.653 [info] ExtensionService#_doActivateExtension esbenp.prettier-vscode, startup: false, activationEvent: 'onStartupFinished'
2024-08-19 19:58:35.820 [info] ExtensionService#_doActivateExtension streetsidesoftware.code-spell-checker, startup: false, activationEvent: 'onStartupFinished'
2024-08-19 19:58:35.950 [info] ExtensionService#_doActivateExtension vscodevim.vim, startup: false, activationEvent: 'onStartupFinished'
2024-08-19 19:58:37.141 [error] Error: ENOENT: no such file or directory, open '/home/sunless/.config/vscode/user/User/globalStorage/vscodevim.vim/.registers'
2024-08-19 19:58:58.651 [info] ExtensionService#_doActivateExtension vscode.configuration-editing, startup: false, activationEvent: 'onLanguage:jsonc'
2024-08-19 19:58:58.885 [info] ExtensionService#_doActivateExtension vscode.json-language-features, startup: false, activationEvent: 'onLanguage:jsonc'
2024-08-19 19:58:59.035 [info] ExtensionService#_doActivateExtension vscode.typescript-language-features, startup: false, activationEvent: 'onLanguage:jsonc'
2024-08-19 19:58:59.252 [info] ExtensionService#_doActivateExtension vscode.emmet, startup: false, activationEvent: 'onLanguage'
2024-08-19 19:59:27.852 [info] Extension host terminating: renderer closed the MessagePort
2024-08-19 19:59:27.906 [error] Error: ENOENT: no such file or directory, open '/home/sunless/.config/vscode/user/User/globalStorage/vscodevim.vim/.registers'
2024-08-19 19:59:27.907 [info] Extension host with pid 727 exiting with code 0
2024-08-19 19:59:29.462 [info] Extension host with pid 841 started
2024-08-19 19:59:29.462 [info] Skipping acquiring lock for /home/sunless/.config/vscode/user/User/workspaceStorage/d496978d163007e48bd1fde221a81960.
2024-08-19 19:59:29.598 [info] ExtensionService#_doActivateExtension vscode.git-base, startup: true, activationEvent: '*'
2024-08-19 19:59:29.601 [info] ExtensionService#_doActivateExtension formulahendry.auto-rename-tag, startup: true, activationEvent: '*'
2024-08-19 19:59:29.658 [info] ExtensionService#_doActivateExtension vscode.github, startup: true, activationEvent: '*'
2024-08-19 19:59:29.875 [info] Eager extensions activated
2024-08-19 19:59:30.064 [info] ExtensionService#_doActivateExtension vscode.debug-auto-launch, startup: false, activationEvent: 'onStartupFinished'
2024-08-19 19:59:30.067 [info] ExtensionService#_doActivateExtension vscode.merge-conflict, startup: false, activationEvent: 'onStartupFinished'
2024-08-19 19:59:30.075 [info] ExtensionService#_doActivateExtension esbenp.prettier-vscode, startup: false, activationEvent: 'onStartupFinished'
2024-08-19 19:59:30.118 [info] ExtensionService#_doActivateExtension vscodevim.vim, startup: false, activationEvent: 'onStartupFinished'
2024-08-19 19:59:31.245 [error] Error: ENOENT: no such file or directory, open '/home/sunless/.config/vscode/user/User/globalStorage/vscodevim.vim/.registers'
2024-08-19 19:59:35.312 [info] ExtensionService#_doActivateExtension vscode.git, startup: false, activationEvent: 'api', root cause: vscode.github
2024-08-19 19:59:35.429 [info] ExtensionService#_doActivateExtension aaron-bond.better-comments, startup: false, activationEvent: 'onStartupFinished'
2024-08-19 19:59:35.437 [info] ExtensionService#_doActivateExtension streetsidesoftware.code-spell-checker, startup: false, activationEvent: 'onStartupFinished'
2024-08-19 19:59:35.805 [info] ExtensionService#_doActivateExtension vscode.emmet, startup: false, activationEvent: 'onLanguage'
2024-08-19 19:59:36.640 [info] ExtensionService#_doActivateExtension vscode.github-authentication, startup: false, activationEvent: 'onAuthenticationRequest:github'
2024-08-19 19:59:42.526 [error] Error: Git error
    at ChildProcess.<anonymous> (/usr/lib/code/extensions/git/dist/main.js:2:1030937)
    at ChildProcess.emit (node:events:531:35)
    at Process.ChildProcess._handle.onexit (node:internal/child_process:294:12)
2024-08-19 19:59:42.526 [error] Error: Git error
    at ChildProcess.<anonymous> (/usr/lib/code/extensions/git/dist/main.js:2:1030937)
    at ChildProcess.emit (node:events:531:35)
    at Process.ChildProcess._handle.onexit (node:internal/child_process:294:12)
2024-08-19 19:59:42.526 [error] Error: Git error
    at ChildProcess.<anonymous> (/usr/lib/code/extensions/git/dist/main.js:2:1030937)
    at ChildProcess.emit (node:events:531:35)
    at Process.ChildProcess._handle.onexit (node:internal/child_process:294:12)
2024-08-19 19:59:42.526 [error] Error: Git error
    at ChildProcess.<anonymous> (/usr/lib/code/extensions/git/dist/main.js:2:1030937)
    at ChildProcess.emit (node:events:531:35)
    at Process.ChildProcess._handle.onexit (node:internal/child_process:294:12)
2024-08-19 19:59:42.526 [error] Error: Git error
    at ChildProcess.<anonymous> (/usr/lib/code/extensions/git/dist/main.js:2:1030937)
    at ChildProcess.emit (node:events:531:35)
    at Process.ChildProcess._handle.onexit (node:internal/child_process:294:12)
2024-08-19 19:59:42.526 [error] Error: Git error
    at ChildProcess.<anonymous> (/usr/lib/code/extensions/git/dist/main.js:2:1030937)
    at ChildProcess.emit (node:events:531:35)
    at Process.ChildProcess._handle.onexit (node:internal/child_process:294:12)
2024-08-19 19:59:42.526 [error] Error: Git error
    at ChildProcess.<anonymous> (/usr/lib/code/extensions/git/dist/main.js:2:1030937)
    at ChildProcess.emit (node:events:531:35)
    at Process.ChildProcess._handle.onexit (node:internal/child_process:294:12)
2024-08-19 19:59:42.526 [error] Error: Git error
    at ChildProcess.<anonymous> (/usr/lib/code/extensions/git/dist/main.js:2:1030937)
    at ChildProcess.emit (node:events:531:35)
    at Process.ChildProcess._handle.onexit (node:internal/child_process:294:12)
2024-08-19 19:59:42.526 [error] Error: Git error
    at ChildProcess.<anonymous> (/usr/lib/code/extensions/git/dist/main.js:2:1030937)
    at ChildProcess.emit (node:events:531:35)
    at Process.ChildProcess._handle.onexit (node:internal/child_process:294:12)
2024-08-19 19:59:42.526 [error] Error: Git error
    at ChildProcess.<anonymous> (/usr/lib/code/extensions/git/dist/main.js:2:1030937)
    at ChildProcess.emit (node:events:531:35)
    at Process.ChildProcess._handle.onexit (node:internal/child_process:294:12)
2024-08-19 19:59:42.526 [error] Error: Git error
    at ChildProcess.<anonymous> (/usr/lib/code/extensions/git/dist/main.js:2:1030937)
    at ChildProcess.emit (node:events:531:35)
    at Process.ChildProcess._handle.onexit (node:internal/child_process:294:12)
2024-08-19 19:59:42.526 [error] Error: Git error
    at ChildProcess.<anonymous> (/usr/lib/code/extensions/git/dist/main.js:2:1030937)
    at ChildProcess.emit (node:events:531:35)
    at Process.ChildProcess._handle.onexit (node:internal/child_process:294:12)
2024-08-19 19:59:42.526 [error] Error: Git error
    at ChildProcess.<anonymous> (/usr/lib/code/extensions/git/dist/main.js:2:1030937)
    at ChildProcess.emit (node:events:531:35)
    at Process.ChildProcess._handle.onexit (node:internal/child_process:294:12)
2024-08-19 19:59:42.526 [error] Error: Git error
    at ChildProcess.<anonymous> (/usr/lib/code/extensions/git/dist/main.js:2:1030937)
    at ChildProcess.emit (node:events:531:35)
    at Process.ChildProcess._handle.onexit (node:internal/child_process:294:12)
2024-08-19 19:59:43.527 [error] Error: Git error
    at ChildProcess.<anonymous> (/usr/lib/code/extensions/git/dist/main.js:2:1030937)
    at ChildProcess.emit (node:events:531:35)
    at Process.ChildProcess._handle.onexit (node:internal/child_process:294:12)
2024-08-19 19:59:43.530 [error] Error: Git error
    at ChildProcess.<anonymous> (/usr/lib/code/extensions/git/dist/main.js:2:1030937)
    at ChildProcess.emit (node:events:531:35)
    at Process.ChildProcess._handle.onexit (node:internal/child_process:294:12)
2024-08-19 19:59:43.531 [error] Error: Git error
    at ChildProcess.<anonymous> (/usr/lib/code/extensions/git/dist/main.js:2:1030937)
    at ChildProcess.emit (node:events:531:35)
    at Process.ChildProcess._handle.onexit (node:internal/child_process:294:12)
2024-08-19 19:59:43.532 [error] Error: Git error
    at ChildProcess.<anonymous> (/usr/lib/code/extensions/git/dist/main.js:2:1030937)
    at ChildProcess.emit (node:events:531:35)
    at Process.ChildProcess._handle.onexit (node:internal/child_process:294:12)
2024-08-19 19:59:43.534 [error] Error: Git error
    at ChildProcess.<anonymous> (/usr/lib/code/extensions/git/dist/main.js:2:1030937)
    at ChildProcess.emit (node:events:531:35)
    at Process.ChildProcess._handle.onexit (node:internal/child_process:294:12)
2024-08-19 19:59:43.536 [error] Error: Git error
    at ChildProcess.<anonymous> (/usr/lib/code/extensions/git/dist/main.js:2:1030937)
    at ChildProcess.emit (node:events:531:35)
    at Process.ChildProcess._handle.onexit (node:internal/child_process:294:12)
2024-08-19 19:59:43.537 [error] Error: Git error
    at ChildProcess.<anonymous> (/usr/lib/code/extensions/git/dist/main.js:2:1030937)
    at ChildProcess.emit (node:events:531:35)
    at Process.ChildProcess._handle.onexit (node:internal/child_process:294:12)
2024-08-19 19:59:43.539 [error] Error: Git error
    at ChildProcess.<anonymous> (/usr/lib/code/extensions/git/dist/main.js:2:1030937)
    at ChildProcess.emit (node:events:531:35)
    at Process.ChildProcess._handle.onexit (node:internal/child_process:294:12)
2024-08-19 19:59:43.540 [error] Error: Git error
    at ChildProcess.<anonymous> (/usr/lib/code/extensions/git/dist/main.js:2:1030937)
    at ChildProcess.emit (node:events:531:35)
    at Process.ChildProcess._handle.onexit (node:internal/child_process:294:12)
2024-08-19 19:59:43.542 [error] Error: Git error
    at ChildProcess.<anonymous> (/usr/lib/code/extensions/git/dist/main.js:2:1030937)
    at ChildProcess.emit (node:events:531:35)
    at Process.ChildProcess._handle.onexit (node:internal/child_process:294:12)
2024-08-19 19:59:43.544 [error] Error: Git error
    at ChildProcess.<anonymous> (/usr/lib/code/extensions/git/dist/main.js:2:1030937)
    at ChildProcess.emit (node:events:531:35)
    at Process.ChildProcess._handle.onexit (node:internal/child_process:294:12)
2024-08-19 19:59:43.545 [error] Error: Git error
    at ChildProcess.<anonymous> (/usr/lib/code/extensions/git/dist/main.js:2:1030937)
    at ChildProcess.emit (node:events:531:35)
    at Process.ChildProcess._handle.onexit (node:internal/child_process:294:12)
2024-08-19 19:59:43.546 [error] Error: Git error
    at ChildProcess.<anonymous> (/usr/lib/code/extensions/git/dist/main.js:2:1030937)
    at ChildProcess.emit (node:events:531:35)
    at Process.ChildProcess._handle.onexit (node:internal/child_process:294:12)
2024-08-19 19:59:43.547 [error] Error: Git error
    at ChildProcess.<anonymous> (/usr/lib/code/extensions/git/dist/main.js:2:1030937)
    at ChildProcess.emit (node:events:531:35)
    at Process.ChildProcess._handle.onexit (node:internal/child_process:294:12)
2024-08-19 19:59:57.277 [error] Error: Git error
    at ChildProcess.<anonymous> (/usr/lib/code/extensions/git/dist/main.js:2:1030937)
    at ChildProcess.emit (node:events:531:35)
    at Process.ChildProcess._handle.onexit (node:internal/child_process:294:12)
2024-08-19 19:59:57.277 [error] Error: Git error
    at ChildProcess.<anonymous> (/usr/lib/code/extensions/git/dist/main.js:2:1030937)
    at ChildProcess.emit (node:events:531:35)
    at Process.ChildProcess._handle.onexit (node:internal/child_process:294:12)
2024-08-19 19:59:57.277 [error] Error: Git error
    at ChildProcess.<anonymous> (/usr/lib/code/extensions/git/dist/main.js:2:1030937)
    at ChildProcess.emit (node:events:531:35)
    at Process.ChildProcess._handle.onexit (node:internal/child_process:294:12)
2024-08-19 19:59:57.277 [error] Error: Git error
    at ChildProcess.<anonymous> (/usr/lib/code/extensions/git/dist/main.js:2:1030937)
    at ChildProcess.emit (node:events:531:35)
    at Process.ChildProcess._handle.onexit (node:internal/child_process:294:12)
2024-08-19 19:59:57.277 [error] Error: Git error
    at ChildProcess.<anonymous> (/usr/lib/code/extensions/git/dist/main.js:2:1030937)
    at ChildProcess.emit (node:events:531:35)
    at Process.ChildProcess._handle.onexit (node:internal/child_process:294:12)
2024-08-19 19:59:58.278 [error] Error: Git error
    at ChildProcess.<anonymous> (/usr/lib/code/extensions/git/dist/main.js:2:1030937)
    at ChildProcess.emit (node:events:531:35)
    at Process.ChildProcess._handle.onexit (node:internal/child_process:294:12)
2024-08-19 19:59:58.279 [error] Error: Git error
    at ChildProcess.<anonymous> (/usr/lib/code/extensions/git/dist/main.js:2:1030937)
    at ChildProcess.emit (node:events:531:35)
    at Process.ChildProcess._handle.onexit (node:internal/child_process:294:12)
2024-08-19 19:59:58.280 [error] Error: Git error
    at ChildProcess.<anonymous> (/usr/lib/code/extensions/git/dist/main.js:2:1030937)
    at ChildProcess.emit (node:events:531:35)
    at Process.ChildProcess._handle.onexit (node:internal/child_process:294:12)
2024-08-19 19:59:58.281 [error] Error: Git error
    at ChildProcess.<anonymous> (/usr/lib/code/extensions/git/dist/main.js:2:1030937)
    at ChildProcess.emit (node:events:531:35)
    at Process.ChildProcess._handle.onexit (node:internal/child_process:294:12)
2024-08-19 19:59:58.283 [error] Error: Git error
    at ChildProcess.<anonymous> (/usr/lib/code/extensions/git/dist/main.js:2:1030937)
    at ChildProcess.emit (node:events:531:35)
    at Process.ChildProcess._handle.onexit (node:internal/child_process:294:12)
2024-08-19 20:35:37.886 [info] Extension host terminating: renderer closed the MessagePort
2024-08-19 20:35:37.923 [error] Canceled: Canceled
    at new C (/usr/lib/code/out/vs/workbench/api/node/extensionHostProcess.js:144:35204)
    at E.U (/usr/lib/code/out/vs/workbench/api/node/extensionHostProcess.js:151:6017)
    at Proxy.B.<computed>.j.charCodeAt.R.CharCode.DollarSign.B.<computed> (/usr/lib/code/out/vs/workbench/api/node/extensionHostProcess.js:151:3107)
    at d.g (/usr/lib/code/out/vs/workbench/api/node/extensionHostProcess.js:154:205942)
    at d.executeCommand (/usr/lib/code/out/vs/workbench/api/node/extensionHostProcess.js:154:205380)
    at A.registerCommand.description (/usr/lib/code/out/vs/workbench/api/node/extensionHostProcess.js:154:204704)
    at d.h (/usr/lib/code/out/vs/workbench/api/node/extensionHostProcess.js:154:206481)
    at d.g (/usr/lib/code/out/vs/workbench/api/node/extensionHostProcess.js:154:205473)
    at d.executeCommand (/usr/lib/code/out/vs/workbench/api/node/extensionHostProcess.js:154:205380)
    at Object.executeCommand (/usr/lib/code/out/vs/workbench/api/node/extensionHostProcess.js:164:23060)
    at i.O [as value] (/usr/lib/code/extensions/git/dist/main.js:2:951642)
    at n.B (/usr/lib/code/out/vs/workbench/api/node/extensionHostProcess.js:83:737)
    at n.C (/usr/lib/code/out/vs/workbench/api/node/extensionHostProcess.js:83:807)
    at n.fire (/usr/lib/code/out/vs/workbench/api/node/extensionHostProcess.js:83:1023)
    at Object.p [as dispose] (/usr/lib/code/extensions/git/dist/main.js:2:972220)
    at /usr/lib/code/extensions/git/dist/main.js:2:978342
    at Array.forEach (<anonymous>)
    at f.dispose (/usr/lib/code/extensions/git/dist/main.js:2:978328)
    at a.<anonymous> (/usr/lib/code/out/vs/workbench/api/node/extensionHostProcess.js:152:4173)
    at a.dispose (/usr/lib/code/out/vs/workbench/api/node/extensionHostProcess.js:152:4270)
    at a.<anonymous> (/usr/lib/code/extensions/git/dist/main.js:2:953940)
    at a.dispose (/usr/lib/code/out/vs/workbench/api/node/extensionHostProcess.js:152:4270)
    at $ (/usr/lib/code/out/vs/workbench/api/node/extensionHostProcess.js:30:744)
    at /usr/lib/code/out/vs/workbench/api/node/extensionHostProcess.js:160:13379
    at /usr/lib/code/out/vs/workbench/api/node/extensionHostProcess.js:30:1112
    at Object.dispose (/usr/lib/code/out/vs/workbench/api/node/extensionHostProcess.js:11:11354)
    at m.eb (/usr/lib/code/out/vs/workbench/api/node/extensionHostProcess.js:160:10056)
    at /usr/lib/code/out/vs/workbench/api/node/extensionHostProcess.js:160:7927
    at Array.map (<anonymous>)
    at m.$ (/usr/lib/code/out/vs/workbench/api/node/extensionHostProcess.js:160:7914)
    at m.terminate (/usr/lib/code/out/vs/workbench/api/node/extensionHostProcess.js:160:8187)
    at $.terminate (/usr/lib/code/out/vs/workbench/api/node/extensionHostProcess.js:164:1513)
    at o (/usr/lib/code/out/vs/workbench/api/node/extensionHostProcess.js:177:10633)
    at MessagePortMain.<anonymous> (/usr/lib/code/out/vs/workbench/api/node/extensionHostProcess.js:177:6825)
    at MessagePortMain.emit (node:events:519:28)
    at Object.MessagePortMain._internalPort.emit (node:electron/js2c/utility_init:2:2619) setContext undefined
2024-08-19 20:35:37.929 [error] Canceled: Canceled
    at new C (/usr/lib/code/out/vs/workbench/api/node/extensionHostProcess.js:144:35204)
    at E.U (/usr/lib/code/out/vs/workbench/api/node/extensionHostProcess.js:151:6017)
    at Proxy.B.<computed>.j.charCodeAt.R.CharCode.DollarSign.B.<computed> (/usr/lib/code/out/vs/workbench/api/node/extensionHostProcess.js:151:3107)
    at d.g (/usr/lib/code/out/vs/workbench/api/node/extensionHostProcess.js:154:205942)
    at d.executeCommand (/usr/lib/code/out/vs/workbench/api/node/extensionHostProcess.js:154:205380)
    at A.registerCommand.description (/usr/lib/code/out/vs/workbench/api/node/extensionHostProcess.js:154:204704)
    at d.h (/usr/lib/code/out/vs/workbench/api/node/extensionHostProcess.js:154:206481)
    at d.g (/usr/lib/code/out/vs/workbench/api/node/extensionHostProcess.js:154:205473)
    at d.executeCommand (/usr/lib/code/out/vs/workbench/api/node/extensionHostProcess.js:154:205380)
    at Object.executeCommand (/usr/lib/code/out/vs/workbench/api/node/extensionHostProcess.js:164:23060)
    at a.VscodeDevShareProvider.set hasGitHubRepositories [as hasGitHubRepositories] (/usr/lib/code/extensions/github/dist/extension.js:2:322969)
    at /usr/lib/code/extensions/github/dist/extension.js:2:323928
    at i.value (/usr/lib/code/extensions/git/dist/main.js:2:1060193)
    at n.B (/usr/lib/code/out/vs/workbench/api/node/extensionHostProcess.js:83:737)
    at n.C (/usr/lib/code/out/vs/workbench/api/node/extensionHostProcess.js:83:807)
    at n.fire (/usr/lib/code/out/vs/workbench/api/node/extensionHostProcess.js:83:1023)
    at Object.p [as dispose] (/usr/lib/code/extensions/git/dist/main.js:2:972220)
    at /usr/lib/code/extensions/git/dist/main.js:2:978342
    at Array.forEach (<anonymous>)
    at f.dispose (/usr/lib/code/extensions/git/dist/main.js:2:978328)
    at a.<anonymous> (/usr/lib/code/out/vs/workbench/api/node/extensionHostProcess.js:152:4173)
    at a.dispose (/usr/lib/code/out/vs/workbench/api/node/extensionHostProcess.js:152:4270)
    at a.<anonymous> (/usr/lib/code/extensions/git/dist/main.js:2:953940)
    at a.dispose (/usr/lib/code/out/vs/workbench/api/node/extensionHostProcess.js:152:4270)
    at $ (/usr/lib/code/out/vs/workbench/api/node/extensionHostProcess.js:30:744)
    at /usr/lib/code/out/vs/workbench/api/node/extensionHostProcess.js:160:13379
    at /usr/lib/code/out/vs/workbench/api/node/extensionHostProcess.js:30:1112
    at Object.dispose (/usr/lib/code/out/vs/workbench/api/node/extensionHostProcess.js:11:11354)
    at m.eb (/usr/lib/code/out/vs/workbench/api/node/extensionHostProcess.js:160:10056)
    at /usr/lib/code/out/vs/workbench/api/node/extensionHostProcess.js:160:7927
    at Array.map (<anonymous>)
    at m.$ (/usr/lib/code/out/vs/workbench/api/node/extensionHostProcess.js:160:7914)
    at m.terminate (/usr/lib/code/out/vs/workbench/api/node/extensionHostProcess.js:160:8187)
    at $.terminate (/usr/lib/code/out/vs/workbench/api/node/extensionHostProcess.js:164:1513)
    at o (/usr/lib/code/out/vs/workbench/api/node/extensionHostProcess.js:177:10633)
    at MessagePortMain.<anonymous> (/usr/lib/code/out/vs/workbench/api/node/extensionHostProcess.js:177:6825)
    at MessagePortMain.emit (node:events:519:28)
    at Object.MessagePortMain._internalPort.emit (node:electron/js2c/utility_init:2:2619) setContext undefined
2024-08-19 20:35:37.929 [error] Error: ENOENT: no such file or directory, open '/home/sunless/.config/vscode/user/User/globalStorage/vscodevim.vim/.registers'
2024-08-19 20:35:37.929 [info] Extension host with pid 841 exiting with code 0
