2024-08-18 12:56:21.310 [info] Extension host with pid 20231 started
2024-08-18 12:56:21.510 [info] ExtensionService#_doActivateExtension vscode.git-base, startup: true, activationEvent: '*', root cause: vscode.git
2024-08-18 12:56:21.517 [info] ExtensionService#_doActivateExtension formulahendry.auto-rename-tag, startup: true, activationEvent: '*'
2024-08-18 12:56:21.603 [info] ExtensionService#_doActivateExtension vscode.git, startup: true, activationEvent: '*'
2024-08-18 12:56:21.673 [info] ExtensionService#_doActivateExtension vscode.github, startup: true, activationEvent: '*'
2024-08-18 12:56:21.918 [info] Eager extensions activated
2024-08-18 12:56:21.952 [info] ExtensionService#_doActivateExtension vscode.debug-auto-launch, startup: false, activationEvent: 'onStartupFinished'
2024-08-18 12:56:21.955 [info] ExtensionService#_doActivateExtension vscode.merge-conflict, startup: false, activationEvent: 'onStartupFinished'
2024-08-18 12:56:21.963 [info] ExtensionService#_doActivateExtension aaron-bond.better-comments, startup: false, activationEvent: 'onStartupFinished'
2024-08-18 12:56:21.968 [info] ExtensionService#_doActivateExtension esbenp.prettier-vscode, startup: false, activationEvent: 'onStartupFinished'
2024-08-18 12:56:22.024 [info] ExtensionService#_doActivateExtension streetsidesoftware.code-spell-checker, startup: false, activationEvent: 'onStartupFinished'
2024-08-18 12:56:22.099 [info] ExtensionService#_doActivateExtension vscodevim.vim, startup: false, activationEvent: 'onStartupFinished'
2024-08-18 12:56:23.280 [error] Error: ENOENT: no such file or directory, open '/home/sunless/.config/vscode/user/User/globalStorage/vscodevim.vim/.registers'
2024-08-18 12:56:36.797 [info] ExtensionService#_doActivateExtension vscode.configuration-editing, startup: false, activationEvent: 'onLanguage:jsonc'
2024-08-18 12:56:36.802 [info] ExtensionService#_doActivateExtension vscode.json-language-features, startup: false, activationEvent: 'onLanguage:jsonc'
2024-08-18 12:56:36.833 [info] ExtensionService#_doActivateExtension vscode.typescript-language-features, startup: false, activationEvent: 'onLanguage:jsonc'
2024-08-18 12:56:36.876 [info] ExtensionService#_doActivateExtension vscode.emmet, startup: false, activationEvent: 'onLanguage'
2024-08-18 12:58:14.892 [info] ExtensionService#_doActivateExtension ms-azuretools.vscode-docker, startup: false, activationEvent: 'onWalkthrough:dockerStart'
2024-08-18 12:58:23.463 [info] Extension host terminating: renderer closed the MessagePort
2024-08-18 12:58:23.499 [error] Error: ENOENT: no such file or directory, open '/home/sunless/.config/vscode/user/User/globalStorage/vscodevim.vim/.registers'
2024-08-18 12:58:23.499 [info] Extension host with pid 20231 exiting with code 0
