2024-08-18 12:58:27.567 [info] Extension host with pid 20439 started
2024-08-18 12:58:28.152 [info] ExtensionService#_doActivateExtension ms-azuretools.vscode-docker, startup: false, activationEvent: 'onWalkthrough:dockerStart'
2024-08-18 12:58:28.327 [info] ExtensionService#_doActivateExtension vscode.git-base, startup: true, activationEvent: '*', root cause: vscode.git
2024-08-18 12:58:28.330 [info] ExtensionService#_doActivateExtension formulahendry.auto-rename-tag, startup: true, activationEvent: '*'
2024-08-18 12:58:28.407 [info] ExtensionService#_doActivateExtension vscode.git, startup: true, activationEvent: '*'
2024-08-18 12:58:28.586 [info] ExtensionService#_doActivateExtension vscode.github, startup: true, activationEvent: '*'
2024-08-18 12:58:28.962 [info] Eager extensions activated
2024-08-18 12:58:28.992 [info] ExtensionService#_doActivateExtension vscode.debug-auto-launch, startup: false, activationEvent: 'onStartupFinished'
2024-08-18 12:58:28.998 [info] ExtensionService#_doActivateExtension vscode.merge-conflict, startup: false, activationEvent: 'onStartupFinished'
2024-08-18 12:58:29.011 [info] ExtensionService#_doActivateExtension aaron-bond.better-comments, startup: false, activationEvent: 'onStartupFinished'
2024-08-18 12:58:29.028 [info] ExtensionService#_doActivateExtension esbenp.prettier-vscode, startup: false, activationEvent: 'onStartupFinished'
2024-08-18 12:58:29.140 [info] ExtensionService#_doActivateExtension streetsidesoftware.code-spell-checker, startup: false, activationEvent: 'onStartupFinished'
2024-08-18 12:58:29.273 [info] ExtensionService#_doActivateExtension vscodevim.vim, startup: false, activationEvent: 'onStartupFinished'
2024-08-18 12:58:30.638 [error] Error: ENOENT: no such file or directory, open '/home/sunless/.config/vscode/user/User/globalStorage/vscodevim.vim/.registers'
2024-08-18 12:58:45.148 [info] ExtensionService#_doActivateExtension vscode.configuration-editing, startup: false, activationEvent: 'onLanguage:jsonc'
2024-08-18 12:58:45.153 [info] ExtensionService#_doActivateExtension vscode.json-language-features, startup: false, activationEvent: 'onLanguage:jsonc'
2024-08-18 12:58:45.176 [info] ExtensionService#_doActivateExtension vscode.typescript-language-features, startup: false, activationEvent: 'onLanguage:jsonc'
2024-08-18 12:58:45.198 [info] ExtensionService#_doActivateExtension vscode.emmet, startup: false, activationEvent: 'onLanguage'
2024-08-18 12:58:47.716 [info] Extension host terminating: renderer closed the MessagePort
2024-08-18 12:58:47.755 [error] Error: ENOENT: no such file or directory, open '/home/sunless/.config/vscode/user/User/globalStorage/vscodevim.vim/.registers'
2024-08-18 12:58:47.756 [info] Extension host with pid 20439 exiting with code 0
