2024-08-18 12:51:57.321 [info] Added views:workbench.panel.markers.view in workbench.panel.markers
2024-08-18 12:51:57.321 [info] Added views:workbench.panel.output in workbench.panel.output
2024-08-18 12:51:57.321 [info] Added views:terminal in terminal
2024-08-18 12:51:57.321 [info] Added views:outline in workbench.view.explorer
2024-08-18 12:51:57.321 [info] Added views:workbench.scm in workbench.view.scm
2024-08-18 12:51:57.321 [info] Added views:workbench.view.search in workbench.view.search
2024-08-18 12:51:57.321 [info] Added views:timeline in workbench.view.explorer
2024-08-18 12:51:57.321 [info] Added views:workbench.explorer.emptyView in workbench.view.explorer
2024-08-18 12:51:58.081 [info] Added views:workbench.debug.welcome in workbench.view.debug
2024-08-18 12:51:58.476 [info] Added views:dockerContainers,dockerImages,dockerRegistries,dockerNetworks,dockerVolumes,vscode-docker.views.dockerContexts,vscode-docker.views.help in workbench.view.extension.dockerView
2024-08-18 12:51:58.523 [info] Added views:~remote.forwardedPorts in ~remote.forwardedPortsContainer
2024-08-18 12:51:58.712 [info] Added views:workbench.panel.repl.view in workbench.panel.repl
2024-08-18 12:52:02.026 [info] Added views:workbench.views.extensions.installed,workbench.views.extensions.popular,extensions.recommendedList in workbench.view.extensions
2024-08-18 12:52:02.028 [info] Removed views:workbench.views.extensions.popular from workbench.view.extensions
2024-08-18 12:52:08.008 [info] Removed views:extensions.recommendedList,workbench.views.extensions.installed from workbench.view.extensions
2024-08-18 12:52:08.018 [info] Added views:workbench.views.extensions.marketplace in workbench.view.extensions
2024-08-18 12:52:44.770 [info] Removed views:workbench.views.extensions.marketplace from workbench.view.extensions
2024-08-18 12:52:44.784 [info] Added views:workbench.views.extensions.installed,extensions.recommendedList in workbench.view.extensions
2024-08-18 12:52:48.090 [info] Removed views:extensions.recommendedList,workbench.views.extensions.installed from workbench.view.extensions
2024-08-18 12:52:48.099 [info] Added views:workbench.views.extensions.marketplace in workbench.view.extensions
2024-08-18 12:53:37.505 [info] Removed views:workbench.views.extensions.marketplace from workbench.view.extensions
2024-08-18 12:53:37.514 [info] Added views:workbench.views.extensions.installed,extensions.recommendedList in workbench.view.extensions
2024-08-18 12:53:39.191 [info] Removed views:extensions.recommendedList,workbench.views.extensions.installed from workbench.view.extensions
2024-08-18 12:53:39.198 [info] Added views:workbench.views.extensions.marketplace in workbench.view.extensions
2024-08-18 12:54:20.701 [info] Removed views:workbench.views.extensions.marketplace from workbench.view.extensions
2024-08-18 12:54:20.711 [info] Added views:workbench.views.extensions.installed,extensions.recommendedList in workbench.view.extensions
2024-08-18 12:54:32.133 [info] Removed views:extensions.recommendedList,workbench.views.extensions.installed from workbench.view.extensions
2024-08-18 12:54:32.155 [info] Added views:workbench.views.extensions.marketplace in workbench.view.extensions
2024-08-18 12:55:42.023 [info] Removed views:workbench.views.extensions.marketplace from workbench.view.extensions
2024-08-18 12:55:42.033 [info] Added views:workbench.views.extensions.installed,extensions.recommendedList in workbench.view.extensions
