2024-08-18 12:51:58.404 [info] Extension host with pid 19854 started
2024-08-18 12:51:58.713 [info] ExtensionService#_doActivateExtension vscode.git-base, startup: true, activationEvent: '*', root cause: vscode.git
2024-08-18 12:51:58.751 [info] ExtensionService#_doActivateExtension vscode.git, startup: true, activationEvent: '*'
2024-08-18 12:51:58.791 [info] ExtensionService#_doActivateExtension vscode.github, startup: true, activationEvent: '*'
2024-08-18 12:51:58.856 [info] Eager extensions activated
2024-08-18 12:51:58.910 [info] ExtensionService#_doActivateExtension vscode.debug-auto-launch, startup: false, activationEvent: 'onStartupFinished'
2024-08-18 12:51:58.913 [info] ExtensionService#_doActivateExtension vscode.merge-conflict, startup: false, activationEvent: 'onStartupFinished'
2024-08-18 12:51:58.921 [info] ExtensionService#_doActivateExtension esbenp.prettier-vscode, startup: false, activationEvent: 'onStartupFinished'
2024-08-18 12:51:58.961 [info] ExtensionService#_doActivateExtension vscodevim.vim, startup: false, activationEvent: 'onStartupFinished'
2024-08-18 12:52:00.111 [error] Error: ENOENT: no such file or directory, open '/home/sunless/.config/vscode/user/User/globalStorage/vscodevim.vim/.registers'
2024-08-18 12:52:02.152 [info] ExtensionService#_doActivateExtension vscode.emmet, startup: false, activationEvent: 'onLanguage'
2024-08-18 12:52:38.464 [info] ExtensionService#_doActivateExtension aaron-bond.better-comments, startup: false, activationEvent: 'onStartupFinished'
2024-08-18 12:53:19.676 [info] ExtensionService#_doActivateExtension streetsidesoftware.code-spell-checker, startup: false, activationEvent: 'onStartupFinished'
2024-08-18 12:54:03.829 [info] ExtensionService#_doActivateExtension formulahendry.auto-rename-tag, startup: false, activationEvent: '*'
2024-08-18 12:56:04.933 [info] ExtensionService#_doActivateExtension vscode.configuration-editing, startup: false, activationEvent: 'onLanguage:jsonc'
2024-08-18 12:56:05.098 [info] ExtensionService#_doActivateExtension vscode.json-language-features, startup: false, activationEvent: 'onLanguage:jsonc'
2024-08-18 12:56:05.273 [info] ExtensionService#_doActivateExtension vscode.typescript-language-features, startup: false, activationEvent: 'onLanguage:jsonc'
2024-08-18 12:56:16.891 [info] Extension host terminating: renderer closed the MessagePort
2024-08-18 12:56:16.917 [error] Error: ENOENT: no such file or directory, open '/home/sunless/.config/vscode/user/User/globalStorage/vscodevim.vim/.registers'
2024-08-18 12:56:16.920 [info] Extension host with pid 19854 exiting with code 0
