2024-08-19 19:58:35.210 [info] [main] Log level: Info
2024-08-19 19:58:35.210 [info] [main] Validating found git in: "git"
2024-08-19 19:58:35.327 [info] [main] Using git "2.46.0" from "git"
2024-08-19 19:58:35.327 [info] [Model][doInitialScan] Initial repository scan started
2024-08-19 19:58:35.328 [info] [Model][doInitialScan] Initial repository scan completed - repositories (0), closed repositories (0), parent repositories (0), unsafe repositories (0)
2024-08-19 19:59:35.508 [info] [main] Log level: Info
2024-08-19 19:59:35.508 [info] [main] Validating found git in: "git"
2024-08-19 19:59:35.508 [info] [main] Using git "2.46.0" from "git"
2024-08-19 19:59:35.508 [info] [Model][doInitialScan] Initial repository scan started
2024-08-19 19:59:35.763 [info] > git rev-parse --show-toplevel [281ms]
2024-08-19 19:59:35.769 [info] > git rev-parse --git-dir --git-common-dir [1ms]
2024-08-19 19:59:35.786 [info] [Model][openRepository] Opened repository: /home/sunless/alchemy/projects/attachment
2024-08-19 19:59:35.803 [info] > git rev-parse --show-toplevel [4ms]
2024-08-19 19:59:35.829 [info] > git rev-parse --show-toplevel [13ms]
2024-08-19 19:59:35.829 [info] [Model][doInitialScan] Initial repository scan completed - repositories (1), closed repositories (0), parent repositories (0), unsafe repositories (0)
2024-08-19 19:59:35.848 [info] > git config --get commit.template [53ms]
2024-08-19 19:59:36.239 [info] > git for-each-ref --format=%(refname)%00%(upstream:short)%00%(objectname)%00%(upstream:track)%00%(upstream:remotename)%00%(upstream:remoteref) refs/heads/main refs/remotes/main [412ms]
2024-08-19 19:59:36.492 [info] > git check-ignore -v -z --stdin [181ms]
2024-08-19 19:59:36.607 [info] > git status -z -uall [361ms]
2024-08-19 19:59:36.628 [info] > git for-each-ref --format=%(refname)%00%(upstream:short)%00%(objectname)%00%(upstream:track)%00%(upstream:remotename)%00%(upstream:remoteref) refs/heads/main refs/remotes/main [12ms]
2024-08-19 19:59:36.635 [info] > git config --local branch.main.vscode-merge-base [1ms]
2024-08-19 19:59:36.635 [warning] [Git][config] git config failed: Failed to execute git
2024-08-19 19:59:36.639 [info] > git config --get commit.template [12ms]
2024-08-19 19:59:36.823 [info] > git for-each-ref --format=%(refname)%00%(upstream:short)%00%(objectname)%00%(upstream:track)%00%(upstream:remotename)%00%(upstream:remoteref) refs/heads/main refs/remotes/main [4ms]
2024-08-19 19:59:36.831 [info] > git status -z -uall [3ms]
2024-08-19 19:59:36.840 [info] > git for-each-ref --format=%(refname)%00%(upstream:short)%00%(objectname)%00%(upstream:track)%00%(upstream:remotename)%00%(upstream:remoteref) refs/heads/main refs/remotes/main [3ms]
2024-08-19 19:59:36.846 [info] > git config --local branch.main.vscode-merge-base [2ms]
2024-08-19 19:59:36.846 [warning] [Git][config] git config failed: Failed to execute git
2024-08-19 19:59:37.069 [info] > git reflog main --grep-reflog=branch: Created from *. [219ms]
2024-08-19 19:59:37.073 [info] > git reflog main --grep-reflog=branch: Created from *. [434ms]
2024-08-19 19:59:37.091 [info] > git symbolic-ref --short refs/remotes/origin/HEAD [15ms]
2024-08-19 19:59:37.091 [info] fatal: ref refs/remotes/origin/HEAD is not a symbolic ref
2024-08-19 19:59:37.096 [info] > git symbolic-ref --short refs/remotes/origin/HEAD [23ms]
2024-08-19 19:59:37.096 [info] fatal: ref refs/remotes/origin/HEAD is not a symbolic ref
2024-08-19 19:59:37.097 [info] > git merge-base refs/heads/main refs/remotes/origin/main [1ms]
2024-08-19 19:59:37.103 [info] > git rev-list --count --left-right refs/heads/main...refs/remotes/origin/main [2ms]
2024-08-19 19:59:37.109 [info] > git diff --name-status -z --diff-filter=ADMR 428301dcfe39caf6ab7504d93ea51f496bd764bf...refs/remotes/origin/main [2ms]
2024-08-19 19:59:42.517 [info] > git check-ignore -v -z --stdin [2ms]
2024-08-19 19:59:57.276 [info] > git check-ignore -v -z --stdin [2ms]
