2024-08-19 19:58:31.260 [info] Added views:workbench.panel.markers.view in workbench.panel.markers
2024-08-19 19:58:31.260 [info] Added views:workbench.panel.output in workbench.panel.output
2024-08-19 19:58:31.260 [info] Added views:terminal in terminal
2024-08-19 19:58:31.260 [info] Added views:outline in workbench.view.explorer
2024-08-19 19:58:31.260 [info] Added views:workbench.scm in workbench.view.scm
2024-08-19 19:58:31.260 [info] Added views:workbench.view.search in workbench.view.search
2024-08-19 19:58:31.260 [info] Added views:timeline in workbench.view.explorer
2024-08-19 19:58:31.260 [info] Added views:workbench.explorer.emptyView in workbench.view.explorer
2024-08-19 19:58:33.436 [info] Added views:dockerContainers,dockerImages,dockerRegistries,dockerNetworks,dockerVolumes,vscode-docker.views.dockerContexts,vscode-docker.views.help in workbench.view.extension.dockerView
2024-08-19 19:58:33.679 [info] Added views:workbench.debug.welcome in workbench.view.debug
2024-08-19 19:58:33.738 [info] Added views:workbench.panel.repl.view in workbench.panel.repl
2024-08-19 19:58:33.853 [info] Added views:~remote.forwardedPorts in ~remote.forwardedPortsContainer
2024-08-19 19:59:28.610 [info] Added views:workbench.panel.markers.view in workbench.panel.markers
2024-08-19 19:59:28.610 [info] Added views:workbench.panel.output in workbench.panel.output
2024-08-19 19:59:28.610 [info] Added views:terminal in terminal
2024-08-19 19:59:28.610 [info] Added views:outline in workbench.view.explorer
2024-08-19 19:59:28.610 [info] Added views:workbench.scm in workbench.view.scm
2024-08-19 19:59:28.610 [info] Added views:workbench.view.search in workbench.view.search
2024-08-19 19:59:28.610 [info] Added views:timeline in workbench.view.explorer
2024-08-19 19:59:28.610 [info] Added views:workbench.explorer.fileView in workbench.view.explorer
2024-08-19 19:59:29.316 [info] Added views:workbench.debug.variablesView,workbench.debug.watchExpressionsView,workbench.debug.callStackView,workbench.debug.breakPointsView in workbench.view.debug
2024-08-19 19:59:29.499 [info] Added views:dockerContainers,dockerImages,dockerRegistries,dockerNetworks,dockerVolumes,vscode-docker.views.dockerContexts,vscode-docker.views.help in workbench.view.extension.dockerView
2024-08-19 19:59:29.529 [info] Added views:~remote.forwardedPorts in ~remote.forwardedPortsContainer
2024-08-19 19:59:29.589 [info] Added views:workbench.panel.repl.view in workbench.panel.repl
2024-08-19 19:59:29.592 [info] Removed views:workbench.debug.breakPointsView,workbench.debug.callStackView,workbench.debug.watchExpressionsView,workbench.debug.variablesView from workbench.view.debug
2024-08-19 19:59:29.593 [info] Added views:workbench.debug.welcome in workbench.view.debug
