2024-08-18 12:46:34.536 [info] Extension host with pid 18646 started
2024-08-18 12:46:34.858 [info] ExtensionService#_doActivateExtension ms-python.python, startup: false, activationEvent: 'onWalkthrough:pythonWelcome'
2024-08-18 12:46:35.380 [error] Error: spawn /home/sunless/.config/vscode/extensions/ms-python.python-2024.12.3-universal/python-env-tools/bin/pet ENOENT
	at ChildProcess._handle.onexit (node:internal/child_process:286:19)
	at onErrorNT (node:internal/child_process:484:16)
	at process.processTicksAndRejections (node:internal/process/task_queues:82:21)
2024-08-18 12:46:35.539 [info] ExtensionService#_doActivateExtension vscode.git-base, startup: true, activationEvent: '*', root cause: vscode.git
2024-08-18 12:46:35.562 [info] ExtensionService#_doActivateExtension vscode.git, startup: true, activationEvent: '*'
2024-08-18 12:46:35.604 [info] ExtensionService#_doActivateExtension vscode.github, startup: true, activationEvent: '*'
2024-08-18 12:46:35.700 [info] Eager extensions activated
2024-08-18 12:46:35.733 [info] ExtensionService#_doActivateExtension vscode.debug-auto-launch, startup: false, activationEvent: 'onStartupFinished'
2024-08-18 12:46:35.736 [info] ExtensionService#_doActivateExtension vscode.merge-conflict, startup: false, activationEvent: 'onStartupFinished'
2024-08-18 12:46:35.748 [info] ExtensionService#_doActivateExtension esbenp.prettier-vscode, startup: false, activationEvent: 'onStartupFinished'
2024-08-18 12:46:35.807 [info] ExtensionService#_doActivateExtension vscodevim.vim, startup: false, activationEvent: 'onStartupFinished'
2024-08-18 12:46:36.563 [error] Error: Extension 'ms-python.python' CANNOT use API proposal: testObserver.
Its package.json#enabledApiProposals-property declares:  but NOT testObserver.
 The missing proposal MUST be added and you must start in extension development mode or use the following command line switch: --enable-proposed-api ms-python.python
	at P (/usr/lib/code/out/vs/workbench/api/node/extensionHostProcess.js:142:59143)
	at get testResults (/usr/lib/code/out/vs/workbench/api/node/extensionHostProcess.js:164:25438)
	at T.activate (/home/sunless/.config/vscode/extensions/ms-python.python-2024.12.3-universal/out/client/extension.js:2:845522)
	at /home/sunless/.config/vscode/extensions/ms-python.python-2024.12.3-universal/out/client/extension.js:2:2460
	at Array.map (<anonymous>)
	at m.activateWorkspace (/home/sunless/.config/vscode/extensions/ms-python.python-2024.12.3-universal/out/client/extension.js:2:2450)
2024-08-18 12:46:37.039 [error] Error: ENOENT: no such file or directory, open '/home/sunless/.config/vscode/user/User/globalStorage/vscodevim.vim/.registers'
2024-08-18 12:46:37.159 [info] ExtensionService#_doActivateExtension vscode.emmet, startup: false, activationEvent: 'onLanguage'
2024-08-18 12:46:53.827 [info] Extension host terminating: renderer closed the MessagePort
2024-08-18 12:46:53.854 [error] Error: ENOENT: no such file or directory, open '/home/sunless/.config/vscode/user/User/globalStorage/vscodevim.vim/.registers'
2024-08-18 12:46:53.858 [info] Extension host with pid 18646 exiting with code 0
2024-08-18 12:46:54.362 [info] Extension host with pid 18760 started
2024-08-18 12:46:54.367 [info] ExtensionService#_doActivateExtension vscode.emmet, startup: false, activationEvent: 'onLanguage'
2024-08-18 12:46:54.388 [info] ExtensionService#_doActivateExtension vscode.git-base, startup: true, activationEvent: '*', root cause: vscode.git
2024-08-18 12:46:54.391 [info] ExtensionService#_doActivateExtension vscode.git, startup: true, activationEvent: '*'
2024-08-18 12:46:54.437 [info] ExtensionService#_doActivateExtension vscode.github, startup: true, activationEvent: '*'
2024-08-18 12:46:54.507 [info] Eager extensions activated
2024-08-18 12:46:54.527 [info] ExtensionService#_doActivateExtension vscode.debug-auto-launch, startup: false, activationEvent: 'onStartupFinished'
2024-08-18 12:46:54.533 [info] ExtensionService#_doActivateExtension vscode.merge-conflict, startup: false, activationEvent: 'onStartupFinished'
2024-08-18 12:46:54.543 [info] ExtensionService#_doActivateExtension esbenp.prettier-vscode, startup: false, activationEvent: 'onStartupFinished'
2024-08-18 12:46:54.585 [info] ExtensionService#_doActivateExtension vscodevim.vim, startup: false, activationEvent: 'onStartupFinished'
2024-08-18 12:46:55.841 [error] Error: ENOENT: no such file or directory, open '/home/sunless/.config/vscode/user/User/globalStorage/vscodevim.vim/.registers'
2024-08-18 12:47:04.325 [info] Extension host terminating: renderer closed the MessagePort
2024-08-18 12:47:04.340 [error] Error: ENOENT: no such file or directory, open '/home/sunless/.config/vscode/user/User/globalStorage/vscodevim.vim/.registers'
2024-08-18 12:47:04.340 [info] Extension host with pid 18760 exiting with code 0
